
2022-12-05 <> 22:52:16<:>New Logger instance created !

2022-12-05 <> 22:52:16 <:> INFO <:> Execution started Successfully !

2022-12-05 <> 22:53:20<:>New Logger instance created !

2022-12-05 <> 22:53:20 <:> INFO <:> Execution started Successfully !
2022-12-05 <> 22:53:23 <:> INFO <:> model loaded
2022-12-05 <> 22:53:23 <:> INFO <:> columns loaded
2022-12-05 <> 22:53:23 <:> INFO <:> columns loaded

2022-12-05 <> 22:53:24<:>New Logger instance created !

2022-12-05 <> 22:53:24 <:> INFO <:> Execution started Successfully !
2022-12-05 <> 22:53:25 <:> INFO <:> model loaded
2022-12-05 <> 22:53:25 <:> INFO <:> columns loaded
2022-12-05 <> 22:53:25 <:> INFO <:> columns loaded
2022-12-05 <> 22:54:18 <:> INFO <:> Logout successful
2022-12-05 <> 22:54:32 <:> INFO <:> Login Successful
2022-12-05 <> 22:54:39 <:> INFO <:> Model is running
2022-12-05 <> 22:54:39 <:> INFO <:> Model given output
2022-12-05 <> 22:54:47 <:> INFO <:> Logout successful

2022-12-05 <> 22:55:45<:>New Logger instance created !

2022-12-05 <> 22:55:45 <:> INFO <:> Execution started Successfully !
2022-12-05 <> 22:55:47 <:> INFO <:> model loaded
2022-12-05 <> 22:55:47 <:> INFO <:> columns loaded
2022-12-05 <> 22:55:47 <:> INFO <:> columns loaded
